<?xml version="1.0" encoding="UTF-8"?>
<testsuite name="uk.gov.service.bluebadge.test.acceptance.AcceptanceTest" tests="0" skipped="0" failures="0" errors="0" timestamp="1970-01-01T00:00:00" hostname="SampathMahavithanas-MacBook-Pro.local" time="0.0">
  <properties/>
  <system-out><![CDATA[@ManageUsers
Feature: Dft BlueBadge LA Manage User
  
  As an admin user
  I want to create,remove,modify a new user in LA webapp
  So that the new users can login to LA webapp
@SignIn
Feature: Dft BlueBadge LA Sign In Page
  
  As an admin user
  I want to sign in to LA webapp
  So that I can view admin dashbaord

0 Scenarios
0 Steps
0m0.000s

]]></system-out>
  <system-err><![CDATA[]]></system-err>
</testsuite>
